#
# There is insufficient memory for the Java Runtime Environment to continue.
# Native memory allocation (mmap) failed to map 234881024 bytes for Failed to commit area from 0x0000000720400000 to 0x000000072e400000 of length 234881024.
# Possible reasons:
#   The system is out of physical RAM or swap space
#   The process is running with CompressedOops enabled, and the Java Heap may be blocking the growth of the native heap
# Possible solutions:
#   Reduce memory load on the system
#   Increase physical memory or swap space
#   Check if swap backing store is full
#   Decrease Java heap size (-Xmx/-Xms)
#   Decrease number of Java threads
#   Decrease Java thread stack sizes (-Xss)
#   Set larger code cache with -XX:ReservedCodeCacheSize=
# This output file may be truncated or incomplete.
#
#  Out of Memory Error (t:/workspace/open/src/hotspot/os/windows/os_windows.cpp:3269), pid=27544, tid=27608
#
# JRE version:  (11.0.1+13) (build )
# Java VM: Java HotSpot(TM) 64-Bit Server VM (11.0.1+13-LTS, mixed mode, aot, sharing, tiered, compressed oops, g1 gc, windows-amd64)
# No core dump will be written. Minidumps are not enabled by default on client versions of Windows
#

---------------  S U M M A R Y ------------

Command Line: ParserJava.jar

Host: AMD FX-8320E Eight-Core Processor              , 8 cores, 13G,  Windows 10 , 64 bit Build 17763 (10.0.17763.1)
Time: Sun Jan 27 03:35:04 2019 RTZ 2 (ceia) elapsed time: 0 seconds (0d 0h 0m 0s)

---------------  T H R E A D  ---------------

Current thread (0x000001e348512800):  JavaThread "Unknown thread" [_thread_in_vm, id=27608, stack(0x00000076bbc00000,0x00000076bbd00000)]

Stack: [0x00000076bbc00000,0x00000076bbd00000]
Native frames: (J=compiled Java code, j=interpreted, Vv=VM code, C=native code)
V  [jvm.dll+0x63c21a]
V  [jvm.dll+0x7797df]
V  [jvm.dll+0x77adca]
V  [jvm.dll+0x77b483]
V  [jvm.dll+0x2627f8]
V  [jvm.dll+0x6396ca]
V  [jvm.dll+0x62dfa5]
V  [jvm.dll+0x31699c]
V  [jvm.dll+0x316822]
V  [jvm.dll+0x31c096]
V  [jvm.dll+0x36842f]
V  [jvm.dll+0x367e50]
V  [jvm.dll+0x2f38b8]
V  [jvm.dll+0x2f4a16]
V  [jvm.dll+0x752da7]
V  [jvm.dll+0x7544ef]
V  [jvm.dll+0x375269]
V  [jvm.dll+0x7394a9]
V  [jvm.dll+0x3e467d]
V  [jvm.dll+0x3e6951]
C  [java.exe+0x3603]
C  [java.exe+0x178dc]
C  [KERNEL32.DLL+0x17e94]
C  [ntdll.dll+0x6a251]


---------------  P R O C E S S  ---------------

Threads class SMR info:
_java_thread_list=0x000001e346473180, length=0, elements={
}

Java Threads: ( => current thread )

Other Threads:
  0x000001e348527800 GCTaskThread "GC Thread#0" [stack: 0x00000076bbd00000,0x00000076bbe00000] [id=27612]
  0x000001e348579800 ConcurrentGCThread "G1 Main Marker" [stack: 0x00000076bbe00000,0x00000076bbf00000] [id=27616]
  0x000001e34857c800 ConcurrentGCThread "G1 Conc#0" [stack: 0x00000076bbf00000,0x00000076bc000000] [id=27620]

[error occurred during error reporting (printing all threads), id 0xc0000005, EXCEPTION_ACCESS_VIOLATION (0xc0000005) at pc=0x00007ffde7922137]

VM state:not at safepoint (not fully initialized)

VM Mutex/Monitor currently owned by a thread:  ([mutex/lock_event])
[0x000001e34850fa40] Heap_lock - owner thread: 0x000001e348512800

Heap address: 0x0000000720400000, size: 3580 MB, Compressed Oops mode: Non-zero based: 0x0000000720400000
Narrow klass base: 0x0000000000000000, Narrow klass shift: 0

GC Heap History (0 events):
No events

Deoptimization events (0 events):
No events

Classes redefined (0 events):
No events

Internal exceptions (0 events):
No events

Events (0 events):
No events


Dynamic libraries:
0x00007ff7bebe0000 - 0x00007ff7bec27000 	C:\Program Files\Java\jdk-11.0.1\bin\java.exe
0x00007ffe3eee0000 - 0x00007ffe3f0cd000 	C:\Windows\SYSTEM32\ntdll.dll
0x00007ffe3d7b0000 - 0x00007ffe3d863000 	C:\Windows\System32\KERNEL32.DLL
0x00007ffe3b7a0000 - 0x00007ffe3ba33000 	C:\Windows\System32\KERNELBASE.dll
0x00007ffe3e3a0000 - 0x00007ffe3e443000 	C:\Windows\System32\ADVAPI32.dll
0x00007ffe3e450000 - 0x00007ffe3e4ee000 	C:\Windows\System32\msvcrt.dll
0x00007ffe3e270000 - 0x00007ffe3e30e000 	C:\Windows\System32\sechost.dll
0x00007ffe3da40000 - 0x00007ffe3db62000 	C:\Windows\System32\RPCRT4.dll
0x00007ffe3d610000 - 0x00007ffe3d7a7000 	C:\Windows\System32\USER32.dll
0x00007ffe3bc40000 - 0x00007ffe3bc60000 	C:\Windows\System32\win32u.dll
0x00007ffe3e000000 - 0x00007ffe3e029000 	C:\Windows\System32\GDI32.dll
0x00007ffe3bc60000 - 0x00007ffe3bdfa000 	C:\Windows\System32\gdi32full.dll
0x00007ffe3afb0000 - 0x00007ffe3b050000 	C:\Windows\System32\msvcp_win.dll
0x00007ffe3bb10000 - 0x00007ffe3bc0c000 	C:\Windows\System32\ucrtbase.dll
0x00007ffe2f150000 - 0x00007ffe2f3c9000 	C:\Windows\WinSxS\amd64_microsoft.windows.common-controls_6595b64144ccf1df_6.0.17763.253_none_05b2388e0721fece\COMCTL32.dll
0x00007ffe3e5a0000 - 0x00007ffe3e8cd000 	C:\Windows\System32\combase.dll
0x00007ffe33720000 - 0x00007ffe3372a000 	C:\Windows\SYSTEM32\VERSION.dll
0x00007ffe3ba40000 - 0x00007ffe3babe000 	C:\Windows\System32\bcryptPrimitives.dll
0x00007ffe3e030000 - 0x00007ffe3e05e000 	C:\Windows\System32\IMM32.DLL
0x00007ffe0f5a0000 - 0x00007ffe0f5b6000 	C:\Program Files\Java\jdk-11.0.1\bin\vcruntime140.dll
0x00007ffdf4fa0000 - 0x00007ffdf504a000 	C:\Program Files\Java\jdk-11.0.1\bin\msvcp140.dll
0x00007ffde7620000 - 0x00007ffde8162000 	C:\Program Files\Java\jdk-11.0.1\bin\server\jvm.dll
0x00007ffe3ecf0000 - 0x00007ffe3ecf8000 	C:\Windows\System32\PSAPI.DLL
0x00007ffe38b50000 - 0x00007ffe38b74000 	C:\Windows\SYSTEM32\WINMM.dll
0x00007ffe2e410000 - 0x00007ffe2e419000 	C:\Windows\SYSTEM32\WSOCK32.dll
0x00007ffe3e310000 - 0x00007ffe3e37d000 	C:\Windows\System32\WS2_32.dll
0x00007ffe38b20000 - 0x00007ffe38b4d000 	C:\Windows\SYSTEM32\winmmbase.dll
0x00007ffe3bac0000 - 0x00007ffe3bb0a000 	C:\Windows\System32\cfgmgr32.dll
0x00007ffe3af90000 - 0x00007ffe3afa1000 	C:\Windows\System32\kernel.appcore.dll
0x00007ffe0f580000 - 0x00007ffe0f591000 	C:\Program Files\Java\jdk-11.0.1\bin\verify.dll
0x00007ffe2d6b0000 - 0x00007ffe2d89d000 	C:\Windows\SYSTEM32\DBGHELP.DLL
0x00007ffe2d680000 - 0x00007ffe2d6aa000 	C:\Windows\SYSTEM32\dbgcore.DLL
0x00007ffdf5ae0000 - 0x00007ffdf5b09000 	C:\Program Files\Java\jdk-11.0.1\bin\java.dll
0x00007ffe0f560000 - 0x00007ffe0f576000 	C:\Program Files\Java\jdk-11.0.1\bin\zip.dll
0x00007ffe34e20000 - 0x00007ffe34e2a000 	C:\Program Files\Java\jdk-11.0.1\bin\jimage.dll

dbghelp: loaded successfully - version: 4.0.5 - missing functions: none
symbol engine: initialized successfully - sym options: 0x614 - pdb path: .;C:\Program Files\Java\jdk-11.0.1\bin;C:\Windows\SYSTEM32;C:\Windows\WinSxS\amd64_microsoft.windows.common-controls_6595b64144ccf1df_6.0.17763.253_none_05b2388e0721fece;C:\Program Files\Java\jdk-11.0.1\bin\server

VM Arguments:
java_command: ParserJava.jar
java_class_path (initial): ParserJava.jar
Launcher Type: SUN_STANDARD

[Global flags]
     intx CICompilerCount                          = 4                                         {product} {ergonomic}
     uint ConcGCThreads                            = 2                                         {product} {ergonomic}
     uint G1ConcRefinementThreads                  = 8                                         {product} {ergonomic}
   size_t G1HeapRegionSize                         = 1048576                                   {product} {ergonomic}
    uintx GCDrainStackTargetSize                   = 64                                        {product} {ergonomic}
   size_t InitialHeapSize                          = 234881024                                 {product} {ergonomic}
   size_t MarkStackSize                            = 4194304                                   {product} {ergonomic}
   size_t MaxHeapSize                              = 3753902080                                {product} {ergonomic}
   size_t MinHeapDeltaBytes                        = 1048576                                   {product} {ergonomic}
    uintx NonNMethodCodeHeapSize                   = 5835340                                {pd product} {ergonomic}
    uintx NonProfiledCodeHeapSize                  = 122911450                              {pd product} {ergonomic}
    uintx ProfiledCodeHeapSize                     = 122911450                              {pd product} {ergonomic}
    uintx ReservedCodeCacheSize                    = 251658240                              {pd product} {ergonomic}
     bool SegmentedCodeCache                       = true                                      {product} {ergonomic}
     bool UseCompressedClassPointers               = true                                 {lp64_product} {ergonomic}
     bool UseCompressedOops                        = true                                 {lp64_product} {ergonomic}
     bool UseG1GC                                  = true                                      {product} {ergonomic}
     bool UseLargePagesIndividualAllocation        = false                                  {pd product} {ergonomic}

Logging:
Log output configuration:
 #0: stdout all=warning uptime,level,tags
 #1: stderr all=off uptime,level,tags

Environment Variables:
PATH=C:\Program Files (x86)\Common Files\Oracle\Java\javapath;C:\Windows\system32;C:\Windows;C:\Windows\System32\Wbem;C:\Windows\System32\WindowsPowerShell\v1.0\;C:\Windows\System32\OpenSSH\;C:\Program Files\dotnet\;C:\Program Files\Microsoft SQL Server\130\Tools\Binn\;C:\Git\cmd;C:\Users\Анатолий\AppData\Local\Microsoft\WindowsApps
USERNAME=Анатолий
OS=Windows_NT
PROCESSOR_IDENTIFIER=AMD64 Family 21 Model 2 Stepping 0, AuthenticAMD



---------------  S Y S T E M  ---------------

OS: Windows 10 , 64 bit Build 17763 (10.0.17763.1)

CPU:total 8 (initial active 8) (8 cores per cpu, 1 threads per core) family 21 model 2 stepping 0, cmov, cx8, fxsr, mmx, sse, sse2, sse3, ssse3, sse4.1, sse4.2, popcnt, avx, aes, clmul, mmxext, 3dnowpref, lzcnt, sse4a, tsc, tscinvbit, tscinv, bmi1, fma

Memory: 4k page, system-wide physical 14318M (4264M free)
TotalPageFile size 57324M (AvailPageFile size 43M)
current process WorkingSet (physical memory assigned to process): 9M, peak: 9M
current process commit charge ("private bytes"): 60M, peak: 284M

vm_info: Java HotSpot(TM) 64-Bit Server VM (11.0.1+13-LTS) for windows-amd64 JRE (11.0.1+13-LTS), built on Oct  6 2018 13:20:16 by "mach5one" with MS VC++ 15.5 (VS2017)

END.
